<?xml version="1.0" encoding="UTF-8"?>
<!-- Generated by org.testng.reporters.JUnitReportReporter -->
<testsuite skipped="0" hostname="BiswajitsVAIO" name="testcases.GoogleSearchTest" tests="1" failures="0" timestamp="17 Aug 2019 03:58:40 GMT" time="8.031" errors="0">
  <testcase name="executeGoogleSearchTest" time="8.031" classname="testcases.GoogleSearchTest"/>
</testsuite> <!-- testcases.GoogleSearchTest -->
